  File "Integration.py", line 45
    pv_FISH_RNA.fit(Common_data.drop(i,axis=1),MERFISH_data_scaled[Common_data.columns].drop(i,axis=1))
                                                                                                      ^
IndentationError: unindent does not match any outer indentation level
Adcyap1
Adora2a
Aldh1l1
Amigo2
Ano3
Aqp4
Ar
Arhgap36
Avpr1a
Baiap2
Bdnf
Bmp7
Brs3
Calcr
Cartpt
Cbln1
Cbln2
Cck
Cckar
Cckbr
Ccnd2
Cd24a
Cdkn1a
Cenpe
Coch
Col25a1
Cplx3
Cpne5
Creb3l1
Crh
Crhbp
Crhr1
Crhr2
Cspg5
Cxcl14
Cyp26a1
Cyr61
Dgkk
Ebf3
Egr2
Ermn
Esr1
Etv1
Fbxw13
Fezf1
Fn1
Fst
Gabra1
Gabrg1
Gad1
Gal
Galr1
Gbx2
Gda
Gem
Gjc3
Glra3
Gnrh1
Gpr165
Greb1
Grpr
Htr2c
Igf1r
Igf2r
Irs4
Isl1
Kiss1r
Klf4
Lepr
Lmod1
Lpar1
Man1a
Mbp
Mc4r
Mki67
Mlc1
Myh11
Ndnf
Ndrg1
Necab1
Nnat
Nos1
Npas1
Npy1r
Npy2r
Ntng1
Nts
Ntsr1
Nup62cl
Omp
Onecut2
Opalin
Oprk1
Oprl1
Oxt
Oxtr
Pak3
Pcdh11x
Pdgfra
Penk
Pgr
Plin3
Pnoc
Pou3f2
Prlr
Ramp3
Rgs2
Rgs5
Rnd3
Rxfp1
Scg2
Scgn
Selplg
Sema3c
Sema4d
Serpinb1b
Serpine1
Sgk1
Slc15a3
Slc17a6
Slc17a8
Slc18a2
Slco1a4
Sln
Sox4
Sox6
Sox8
Sp9
Sst
Synpr
Syt2
Syt4
Sytl4
Tac1
Tac2
Tacr1
Tacr3
Th
Tiparp
Tmem108
Traf4
Trh
Trhr
Ttn
Ttyh2
Ucn3
Vgf
